  [1m[36m (1.4ms)[0m  [1mCREATE TABLE "schema_migrations" ("version" varchar NOT NULL) [0m
  [1m[35m (0.1ms)[0m  select sqlite_version(*)
  [1m[36m (1.1ms)[0m  [1mCREATE UNIQUE INDEX "unique_schema_migrations" ON "schema_migrations" ("version")[0m
  [1m[35mActiveRecord::SchemaMigration Load (0.1ms)[0m  SELECT "schema_migrations".* FROM "schema_migrations"


Started GET "/" for ::1 at 2015-11-16 16:12:00 -0600
Processing by Rails::WelcomeController#index as HTML
  Rendered /Users/admin/.rvm/gems/ruby-2.1.2/gems/railties-4.2.3/lib/rails/templates/rails/welcome/index.html.erb (1.9ms)
Completed 200 OK in 48ms (Views: 36.7ms | ActiveRecord: 0.0ms)


Started GET "/" for 207.38.166.183 at 2018-10-18 23:53:55 +0000
Processing by Rails::WelcomeController#index as HTML
  Rendered /usr/local/rvm/gems/ruby-2.3.1/gems/railties-4.2.10/lib/rails/templates/rails/welcome/index.html.erb (2.2ms)
Completed 200 OK in 21ms (Views: 11.6ms | ActiveRecord: 0.0ms)


Started GET "/" for 207.38.166.183 at 2018-10-18 23:58:37 +0000
Processing by Rails::WelcomeController#index as HTML
  Rendered /usr/local/rvm/gems/ruby-2.3.1/gems/railties-4.2.10/lib/rails/templates/rails/welcome/index.html.erb (0.1ms)
Completed 200 OK in 2ms (Views: 1.3ms | ActiveRecord: 0.0ms)


Started GET "/" for 207.38.166.183 at 2018-10-19 00:01:50 +0000
Processing by Rails::WelcomeController#index as HTML
  Rendered /usr/local/rvm/gems/ruby-2.3.1/gems/railties-4.2.10/lib/rails/templates/rails/welcome/index.html.erb (1.4ms)
Completed 200 OK in 17ms (Views: 8.0ms | ActiveRecord: 0.0ms)


Started GET "/" for 207.38.166.183 at 2018-10-19 00:02:58 +0000
Processing by Rails::WelcomeController#index as HTML
  Rendered /usr/local/rvm/gems/ruby-2.3.1/gems/railties-4.2.10/lib/rails/templates/rails/welcome/index.html.erb (0.1ms)
Completed 200 OK in 2ms (Views: 1.2ms | ActiveRecord: 0.0ms)


Started GET "/rails/info/properties" for 207.38.166.183 at 2018-10-19 00:03:03 +0000
Processing by Rails::InfoController#properties as */*
  [1m[36mActiveRecord::SchemaMigration Load (0.2ms)[0m  [1mSELECT "schema_migrations".* FROM "schema_migrations"[0m
  Rendered /usr/local/rvm/gems/ruby-2.3.1/gems/railties-4.2.10/lib/rails/templates/rails/info/properties.html.erb (0.6ms)
Completed 200 OK in 52ms (Views: 14.2ms | ActiveRecord: 2.5ms)


Started GET "/" for 207.38.166.183 at 2018-10-19 00:06:20 +0000
Processing by Rails::WelcomeController#index as HTML
  Rendered /usr/local/rvm/gems/ruby-2.3.1/gems/railties-4.2.10/lib/rails/templates/rails/welcome/index.html.erb (0.1ms)
Completed 200 OK in 1ms (Views: 1.2ms | ActiveRecord: 0.0ms)


Started GET "/" for 207.38.166.183 at 2018-10-19 00:06:56 +0000
Processing by Rails::WelcomeController#index as HTML
  Rendered /usr/local/rvm/gems/ruby-2.3.1/gems/railties-4.2.10/lib/rails/templates/rails/welcome/index.html.erb (1.5ms)
Completed 200 OK in 16ms (Views: 8.4ms | ActiveRecord: 0.0ms)


Started GET "/" for 207.38.166.183 at 2018-10-19 00:08:33 +0000
Processing by Rails::WelcomeController#index as HTML
  Rendered /usr/local/rvm/gems/ruby-2.3.1/gems/railties-4.2.10/lib/rails/templates/rails/welcome/index.html.erb (0.1ms)
Completed 200 OK in 1ms (Views: 1.0ms | ActiveRecord: 0.0ms)


Started GET "/hello_world" for 207.38.166.183 at 2018-10-19 00:09:36 +0000
Processing by StaticController#hello_world as HTML
  Rendered static/hello_world.html.erb within layouts/application (0.3ms)
Completed 200 OK in 403ms (Views: 402.6ms | ActiveRecord: 0.0ms)


Started GET "/assets/application.self-e80e8f2318043e8af94dddc2adad5a4f09739a8ebb323b3ab31cd71d45fd9113.css?body=1" for 207.38.166.183 at 2018-10-19 00:09:36 +0000


Started GET "/assets/jquery.self-bd7ddd393353a8d2480a622e80342adf488fb6006d667e8b42e4c0073393abee.js?body=1" for 207.38.166.183 at 2018-10-19 00:09:36 +0000


Started GET "/assets/jquery_ujs.self-784a997f6726036b1993eb2217c9cb558e1cbb801c6da88105588c56f13b466a.js?body=1" for 207.38.166.183 at 2018-10-19 00:09:36 +0000


Started GET "/assets/turbolinks.self-569ee74eaa15c1e2019317ff770b8769b1ec033a0f572a485f64c82ddc8f989e.js?body=1" for 207.38.166.183 at 2018-10-19 00:09:36 +0000


Started GET "/assets/application.self-3b8dabdc891efe46b9a144b400ad69e37d7e5876bdc39dee783419a69d7ca819.js?body=1" for 207.38.166.183 at 2018-10-19 00:09:36 +0000


Started GET "/hello_world" for 207.38.166.183 at 2018-10-19 00:09:54 +0000
Processing by StaticController#hello_world as HTML
  Rendered static/hello_world.html.erb within layouts/application (0.1ms)
Completed 200 OK in 65ms (Views: 34.2ms | ActiveRecord: 0.0ms)


Started GET "/hello_world" for 207.38.166.183 at 2018-10-19 00:10:09 +0000
Processing by StaticController#hello_world as HTML
  Rendered static/hello_world.html.erb within layouts/application (1.1ms)
Completed 200 OK in 25ms (Views: 24.6ms | ActiveRecord: 0.0ms)


Started GET "/hello_world" for 207.38.166.183 at 2018-10-19 00:10:19 +0000
Processing by StaticController#hello_world as HTML
  Rendered static/hello_world.html.erb within layouts/application (0.3ms)
Completed 200 OK in 25ms (Views: 23.9ms | ActiveRecord: 0.0ms)
